/cae/apps/data/synopsys-2024/syn/V-2023.12-SP5/auxx/gui/dv/dv_setup.tcl
/cae/apps/data/synopsys-2024/syn/V-2023.12-SP5/auxx/gui/syn/snpsSynProcs.tcl
/cae/apps/data/synopsys-2024/syn/V-2023.12-SP5/auxx/gui/syn/layout/pkgIndex.tcl
/cae/apps/data/synopsys-2024/syn/V-2023.12-SP5/auxx/gui/common/taskassistant/pkgIndex.tcl
/cae/apps/data/synopsys-2024/syn/V-2023.12-SP5/auxx/gui/common/strokes/pkgIndex.tcl
/cae/apps/data/synopsys-2024/syn/V-2023.12-SP5/auxx/gui/common/layout/pkgIndex.tcl
/cae/apps/data/synopsys-2024/syn/V-2023.12-SP5/auxx/gui/common/palettegroup/pkgIndex.tcl
/cae/apps/data/synopsys-2024/syn/V-2023.12-SP5/auxx/gui/common/dialogs/pkgIndex.tcl
/cae/apps/data/synopsys-2024/syn/V-2023.12-SP5/auxx/gui/common/qtcl/pkgIndex.tcl
/cae/apps/data/synopsys-2024/syn/V-2023.12-SP5/auxx/gui/common/select/pkgIndex.tcl
/cae/apps/data/synopsys-2024/syn/V-2023.12-SP5/auxx/gui/common/tiledview/pkgIndex.tcl
/cae/apps/data/synopsys-2024/syn/V-2023.12-SP5/auxx/gui/common/schematic/pkgIndex.tcl
/cae/apps/data/synopsys-2024/syn/V-2023.12-SP5/auxx/gui/common/WindowFrameWork/pkgIndex.tcl
/cae/apps/data/synopsys-2024/syn/V-2023.12-SP5/auxx/gui/common/menus/pkgIndex.tcl
/cae/apps/data/synopsys-2024/syn/V-2023.12-SP5/auxx/gui/common/hierAttrView/pkgIndex.tcl
/cae/apps/data/synopsys-2024/syn/V-2023.12-SP5/auxx/gui/common/timing/pkgIndex.tcl
/cae/apps/data/synopsys-2024/syn/V-2023.12-SP5/auxx/gui/common/opdlg/pkgIndex.tcl
/cae/apps/data/synopsys-2024/syn/V-2023.12-SP5/auxx/gui/common/3dlayout/pkgIndex.tcl
/cae/apps/data/synopsys-2024/syn/V-2023.12-SP5/auxx/gui/common/tq/pkgIndex.tcl
/cae/apps/data/synopsys-2024/syn/V-2023.12-SP5/auxx/gui/common/mrupalette/pkgIndex.tcl
/cae/apps/data/synopsys-2024/syn/V-2023.12-SP5/auxx/gui/common/acg/pkgIndex.tcl
/cae/apps/data/synopsys-2024/syn/V-2023.12-SP5/auxx/gui/common/rtlxref/pkgIndex.tcl
/cae/apps/data/synopsys-2024/syn/V-2023.12-SP5/auxx/gui/common/libviewer/pkgIndex.tcl
/cae/apps/data/synopsys-2024/syn/V-2023.12-SP5/auxx/gui/common/tcl-dp/pkgIndex.tcl
/cae/apps/data/synopsys-2024/syn/V-2023.12-SP5/auxx/gui/common/charts/pkgIndex.tcl
/cae/apps/data/synopsys-2024/syn/V-2023.12-SP5/auxx/gui/common/hierarchy/pkgIndex.tcl
/cae/apps/data/synopsys-2024/syn/V-2023.12-SP5/auxx/gui/common/docBrowser/pkgIndex.tcl
/cae/apps/data/synopsys-2024/syn/V-2023.12-SP5/auxx/gui/common/commandform/pkgIndex.tcl
/cae/apps/data/synopsys-2024/syn/V-2023.12-SP5/auxx/gui/common/highlight/pkgIndex.tcl
/cae/apps/data/synopsys-2024/syn/V-2023.12-SP5/auxx/gui/common/propertyEditor/pkgIndex.tcl
/cae/apps/data/synopsys-2024/syn/V-2023.12-SP5/auxx/gui/common/regressionToolkit/pkgIndex.tcl
/cae/apps/data/synopsys-2024/syn/V-2023.12-SP5/auxx/gui/common/3dmodel/pkgIndex.tcl
/cae/apps/data/synopsys-2024/syn/V-2023.12-SP5/auxx/gui/common/view/pkgIndex.tcl
/cae/apps/data/synopsys-2024/syn/V-2023.12-SP5/auxx/gui/common/misc/pkgIndex.tcl
/cae/apps/data/synopsys-2024/syn/V-2023.12-SP5/auxx/gui/common/histogram/pkgIndex.tcl
/cae/apps/data/synopsys-2024/syn/V-2023.12-SP5/auxx/gui/common/3dic/pkgIndex.tcl
/cae/apps/data/synopsys-2024/syn/V-2023.12-SP5/auxx/gui/common/setup/pkgIndex.tcl
/cae/apps/data/synopsys-2024/syn/V-2023.12-SP5/auxx/gui/common/table/pkgIndex.tcl
/cae/apps/data/synopsys-2024/syn/V-2023.12-SP5/auxx/gui/common/utable/pkgIndex.tcl
/cae/apps/data/synopsys-2024/syn/V-2023.12-SP5/auxx/gui/dv/pkgIndex.tcl
/cae/apps/data/synopsys-2024/syn/V-2023.12-SP5/auxx/syn/lib/pkgIndex.tcl
/cae/apps/data/synopsys-2024/syn/V-2023.12-SP5/auxx/tcllib/lib/iwidgets4.1/pkgIndex.tcl
/cae/apps/data/synopsys-2024/syn/V-2023.12-SP5/auxx/tcllib/lib/itcl4.2.1/pkgIndex.tcl
/cae/apps/data/synopsys-2024/syn/V-2023.12-SP5/auxx/tcllib/snps_tcl/snpsUtils/pkgIndex.tcl
/cae/apps/data/synopsys-2024/syn/V-2023.12-SP5/auxx/tcllib/snps_tcl/snpsTclPro/pkgIndex.tcl
/cae/apps/data/synopsys-2024/syn/V-2023.12-SP5/auxx/tcllib/snps_tcl/snpsTest/pkgIndex.tcl
/cae/apps/data/synopsys-2024/syn/V-2023.12-SP5/auxx/tcllib/snps_tcl/pkgIndex.tcl
/cae/apps/data/synopsys-2024/syn/V-2023.12-SP5/auxx/tcllib/lib/tcl8.6/msgcat/pkgIndex.tcl
/cae/apps/data/synopsys-2024/syn/V-2023.12-SP5/auxx/tcllib/lib/tcl8.6/dde/pkgIndex.tcl
/cae/apps/data/synopsys-2024/syn/V-2023.12-SP5/auxx/tcllib/lib/tcl8.6/reg/pkgIndex.tcl
/cae/apps/data/synopsys-2024/syn/V-2023.12-SP5/auxx/tcllib/lib/tcl8.6/http/pkgIndex.tcl
/cae/apps/data/synopsys-2024/syn/V-2023.12-SP5/auxx/tcllib/lib/tcl8.6/platform/pkgIndex.tcl
/cae/apps/data/synopsys-2024/syn/V-2023.12-SP5/auxx/tcllib/lib/tcl8.6/tcltest/pkgIndex.tcl
/cae/apps/data/synopsys-2024/syn/V-2023.12-SP5/auxx/tcllib/lib/tcl8.6/http1.0/pkgIndex.tcl
/cae/apps/data/synopsys-2024/syn/V-2023.12-SP5/auxx/tcllib/lib/tcl8.6/opt/pkgIndex.tcl
/cae/apps/data/synopsys-2024/syn/V-2023.12-SP5/auxx/gui/common/setup/snpsCommonSetup.tcl
/cae/apps/data/synopsys-2024/syn/V-2023.12-SP5/auxx/gui/common/setup/snpsCustomize.tcl
/cae/apps/data/synopsys-2024/syn/V-2023.12-SP5/auxx/gui/common/setup/snpsProcheck.tcl
/cae/apps/data/synopsys-2024/syn/V-2023.12-SP5/auxx/gui/common/misc/base.tcl
/cae/apps/data/synopsys-2024/syn/V-2023.12-SP5/auxx/gui/common/misc/timing.tcl
/cae/apps/data/synopsys-2024/syn/V-2023.12-SP5/auxx/gui/common/misc/setting.tcl
/cae/apps/data/synopsys-2024/syn/V-2023.12-SP5/auxx/gui/common/misc/preset.tcl
/cae/apps/data/synopsys-2024/syn/V-2023.12-SP5/auxx/gui/common/WindowFrameWork/windowFrameWork.tcl
/cae/apps/data/synopsys-2024/syn/V-2023.12-SP5/auxx/gui/common/WindowFrameWork/skipBusyCursorCmdList.tcl
/cae/apps/data/synopsys-2024/syn/V-2023.12-SP5/auxx/gui/common/qtcl/.synopsys_qtcl.tcl
/cae/apps/data/synopsys-2024/syn/V-2023.12-SP5/auxx/gui/common/highlight/highlight.tcl
/cae/apps/data/synopsys-2024/syn/V-2023.12-SP5/auxx/gui/common/palettegroup/palettegroup.tcl
/cae/apps/data/synopsys-2024/syn/V-2023.12-SP5/auxx/gui/common/commandform/commandform.tcl
/cae/apps/data/synopsys-2024/syn/V-2023.12-SP5/auxx/gui/common/tiledview/tiledview.tcl
/cae/apps/data/synopsys-2024/syn/V-2023.12-SP5/auxx/gui/common/docBrowser/docBrowser.tcl
/cae/apps/data/synopsys-2024/syn/V-2023.12-SP5/auxx/tcllib/snps_tcl/snpsUtils/snpsUtils.tcl
/cae/apps/data/synopsys-2024/syn/V-2023.12-SP5/auxx/gui/common/dialogs/ObjectChooser.tcl
/cae/apps/data/synopsys-2024/syn/V-2023.12-SP5/auxx/gui/common/misc/DialogObjectChooser.tcl
/cae/apps/data/synopsys-2024/syn/V-2023.12-SP5/auxx/gui/common/dialogs/HistBinInformation.tcl
/cae/apps/data/synopsys-2024/syn/V-2023.12-SP5/auxx/gui/common/dialogs/HistBin1Information.tcl
/cae/apps/data/synopsys-2024/syn/V-2023.12-SP5/auxx/gui/common/dialogs/BinsOnlyInformation.tcl
/cae/apps/data/synopsys-2024/syn/V-2023.12-SP5/auxx/gui/common/dialogs/FileChooser.tcl
/cae/apps/data/synopsys-2024/syn/V-2023.12-SP5/auxx/gui/common/dialogs/PathPinSimpleInfo.tcl
/cae/apps/data/synopsys-2024/syn/V-2023.12-SP5/auxx/gui/common/dialogs/PathsBasicInfo.tcl
/cae/apps/data/synopsys-2024/syn/V-2023.12-SP5/auxx/gui/common/dialogs/PathsBasicSimpleInfo.tcl
/cae/apps/data/synopsys-2024/syn/V-2023.12-SP5/auxx/gui/common/dialogs/SlctOperationInfo.tcl
/cae/apps/data/synopsys-2024/syn/V-2023.12-SP5/auxx/gui/common/dialogs/ObjectListInfo.tcl
/cae/apps/data/synopsys-2024/syn/V-2023.12-SP5/auxx/gui/common/dialogs/FanInOutInfo.tcl
/cae/apps/data/synopsys-2024/syn/V-2023.12-SP5/auxx/gui/common/dialogs/NumberOfLevelsChooser.tcl
/cae/apps/data/synopsys-2024/syn/V-2023.12-SP5/auxx/gui/common/dialogs/WindowReuseInfo.tcl
/cae/apps/data/synopsys-2024/syn/V-2023.12-SP5/auxx/gui/common/dialogs/ReportOutputOptionInfo.tcl
/cae/apps/data/synopsys-2024/syn/V-2023.12-SP5/auxx/gui/common/setup/snpsCollections.tcl
/cae/apps/data/synopsys-2024/syn/V-2023.12-SP5/auxx/gui/common/dialogs/CompileLinkDesign.tcl
/cae/apps/data/synopsys-2024/syn/V-2023.12-SP5/auxx/gui/common/histogram/base.tcl
/cae/apps/data/synopsys-2024/syn/V-2023.12-SP5/auxx/gui/common/histogram/DialogNetCapacitance.tcl
/cae/apps/data/synopsys-2024/syn/V-2023.12-SP5/auxx/gui/common/schematic/DialogPathSchematicFanInOut.tcl
/cae/apps/data/synopsys-2024/syn/V-2023.12-SP5/auxx/gui/common/schematic/DialogPathSchematicAddPaths.tcl
/filespace/j/jmlaker/ECE552/WISC-S25-MIPS-CPU/Scripts/proc.dc
/filespace/j/jmlaker/ECE552/WISC-S25-MIPS-CPU/Extra-Credit/designs/Decoder_3_8.v
/filespace/j/jmlaker/ECE552/WISC-S25-MIPS-CPU/Extra-Credit/designs/WriteDecoder_3_8.v
/filespace/j/jmlaker/ECE552/WISC-S25-MIPS-CPU/Extra-Credit/designs/dff.v
/filespace/j/jmlaker/ECE552/WISC-S25-MIPS-CPU/Extra-Credit/designs/BitCell.v
/filespace/j/jmlaker/ECE552/WISC-S25-MIPS-CPU/Extra-Credit/designs/Register.v
/filespace/j/jmlaker/ECE552/WISC-S25-MIPS-CPU/Extra-Credit/designs/Branch_Cache.v
/filespace/j/jmlaker/ECE552/WISC-S25-MIPS-CPU/Extra-Credit/designs/BTB.v
/filespace/j/jmlaker/ECE552/WISC-S25-MIPS-CPU/Extra-Credit/designs/BHT.v
/filespace/j/jmlaker/ECE552/WISC-S25-MIPS-CPU/Extra-Credit/designs/DynamicBranchPredictor.v
/filespace/j/jmlaker/ECE552/WISC-S25-MIPS-CPU/Extra-Credit/designs/CPU_Register.v
/filespace/j/jmlaker/ECE552/WISC-S25-MIPS-CPU/Extra-Credit/designs/CLA_16bit.v
/filespace/j/jmlaker/ECE552/WISC-S25-MIPS-CPU/Extra-Credit/designs/Fetch.v
/filespace/j/jmlaker/ECE552/WISC-S25-MIPS-CPU/Extra-Credit/designs/Decoder_6_64.v
/filespace/j/jmlaker/ECE552/WISC-S25-MIPS-CPU/Extra-Credit/designs/DataArray.v
/filespace/j/jmlaker/ECE552/WISC-S25-MIPS-CPU/Extra-Credit/designs/MetaDataArray.v
/filespace/j/jmlaker/ECE552/WISC-S25-MIPS-CPU/Extra-Credit/designs/Cache.v
/filespace/j/jmlaker/ECE552/WISC-S25-MIPS-CPU/Extra-Credit/designs/CLA_4bit.v
/filespace/j/jmlaker/ECE552/WISC-S25-MIPS-CPU/Extra-Credit/designs/Cache_Control.v
/filespace/j/jmlaker/ECE552/WISC-S25-MIPS-CPU/Extra-Credit/designs/memory_system.v
/filespace/j/jmlaker/ECE552/WISC-S25-MIPS-CPU/Extra-Credit/designs/IF_ID_pipe_reg.v
/filespace/j/jmlaker/ECE552/WISC-S25-MIPS-CPU/Extra-Credit/designs/ControlUnit.v
/filespace/j/jmlaker/ECE552/WISC-S25-MIPS-CPU/Extra-Credit/designs/Branch_control.v
/filespace/j/jmlaker/ECE552/WISC-S25-MIPS-CPU/Extra-Credit/designs/Decoder_4_16.v
/filespace/j/jmlaker/ECE552/WISC-S25-MIPS-CPU/Extra-Credit/designs/WriteDecoder_4_16.v
/filespace/j/jmlaker/ECE552/WISC-S25-MIPS-CPU/Extra-Credit/designs/RegisterFile.v
/filespace/j/jmlaker/ECE552/WISC-S25-MIPS-CPU/Extra-Credit/designs/Decode.v
/filespace/j/jmlaker/ECE552/WISC-S25-MIPS-CPU/Extra-Credit/designs/HazardDetectionUnit.v
/filespace/j/jmlaker/ECE552/WISC-S25-MIPS-CPU/Extra-Credit/designs/ID_EX_pipe_reg.v
/filespace/j/jmlaker/ECE552/WISC-S25-MIPS-CPU/Extra-Credit/designs/PSA_16bit.v
/filespace/j/jmlaker/ECE552/WISC-S25-MIPS-CPU/Extra-Credit/designs/RED_Unit.v
/filespace/j/jmlaker/ECE552/WISC-S25-MIPS-CPU/Extra-Credit/designs/Shifter.v
/filespace/j/jmlaker/ECE552/WISC-S25-MIPS-CPU/Extra-Credit/designs/ALU.v
/filespace/j/jmlaker/ECE552/WISC-S25-MIPS-CPU/Extra-Credit/designs/Flag_Register.v
/filespace/j/jmlaker/ECE552/WISC-S25-MIPS-CPU/Extra-Credit/designs/Execute.v
/filespace/j/jmlaker/ECE552/WISC-S25-MIPS-CPU/Extra-Credit/designs/ForwardingUnit.v
/filespace/j/jmlaker/ECE552/WISC-S25-MIPS-CPU/Extra-Credit/designs/EX_MEM_pipe_reg.v
/filespace/j/jmlaker/ECE552/WISC-S25-MIPS-CPU/Extra-Credit/designs/MEM_WB_pipe_reg.v
/filespace/j/jmlaker/ECE552/WISC-S25-MIPS-CPU/Extra-Credit/designs/proc.v
/cae/apps/data/saed32_edk-2022/lib/stdcell_lvt/db_nldm/saed32lvt_tt0p85v25c.db
/cae/apps/data/saed32_edk-2022/lib/io_std/db_nldm/saed32io_wb_tt1p05v25c_2p5v.db
/cae/apps/data/synopsys-2024/syn/V-2023.12-SP5/libraries/syn/gtech.db
/cae/apps/data/synopsys-2024/syn/V-2023.12-SP5/libraries/syn/standard.sldb
