Info: [VCS_SAVE_RESTORE_INFO] ASLR (Address Space Layout Randomization) is detected on the machine. To enable $save functionality, ASLR will be switched off and simv re-executed.
Please use '-no_save' simv switch to avoid this.

                           Design Compiler Graphical 
                                 DC Ultra (TM)
                                  DFTMAX (TM)
                              Power Compiler (TM)
                                 DesignWare (R)
                                 DC Expert (TM)
                               Design Vision (TM)
                               HDL Compiler (TM)
                               VHDL Compiler (TM)
                                  DFT Compiler
                               Design Compiler(R)

               Version V-2023.12-SP5 for linux64 - Jul 16, 2024 

                    Copyright (c) 1988 - 2024 Synopsys, Inc.
   This software and the associated documentation are proprietary to Synopsys,
 Inc. This software may only be used in accordance with the terms and conditions
 of a written license agreement with Synopsys, Inc. All other use, reproduction,
   or distribution of this software is strictly prohibited.  Licensed Products
     communicate with Synopsys servers for the purpose of providing software
    updates, detecting software piracy and verifying that customers are using
    Licensed Products in conformity with the applicable License Key for such
  Licensed Products. Synopsys will use information gathered in connection with
    this process to deliver software updates and pursue software pirates and
                                   infringers.

 Inclusivity & Diversity - Visit SolvNetPlus to read the "Synopsys Statement on
            Inclusivity and Diversity" (Refer to article 000036315 at
                        https://solvnetplus.synopsys.com)
Initializing...
Current time:       Fri Apr 25 22:56:14 2025
Hostname:           tux-126
CPU Model:          11th Gen Intel(R) Core(TM) i5-11600 @ 2.80GHz
CPU Details:        Cores = 12 : Sockets = 1 : Cache Size = 12288 KB : Freq = 3.36 GHz
OS:                 Linux 5.10.0-34-amd64
RAM:                 31 GB (Free  23 GB)
Swap:                 1 GB (Free   1 GB)
Work Filesystem:    /filespace/s mounted to files.cae.wisc.edu:/s
Tmp Filesystem:     / mounted to /dev/mapper/tux--126--vg-root
Work Disk:           27 GB (Free  24 GB)
Tmp Disk:           820 GB (Free 820 GB)

CPU Load: 11%, Ram Free: 23 GB, Swap Free: 1 GB, Work Disk Free: 24 GB, Tmp Disk Free: 820 GB
Information: Term was not able to be set up using screen . Using "xterm" by default instead. (CLE-10)
Warning: Cannot use command line editor for terminal type 'screen'.  (UI-74)
dc_shell> == READ_FILE autoread for top design 'proc' ==

Starting READ_FILE autoread mode...
Information: Adding '/filespace/s/sjonnalagad2/WISC-S25-MIPS-CPU/Extra-Credit/designs/proc.v'.  (AUTOREAD-100)
Information: Adding '/filespace/s/sjonnalagad2/WISC-S25-MIPS-CPU/Extra-Credit/designs/ALU.v'.  (AUTOREAD-100)
Information: Adding '/filespace/s/sjonnalagad2/WISC-S25-MIPS-CPU/Extra-Credit/designs/BHT.v'.  (AUTOREAD-100)
Information: Adding '/filespace/s/sjonnalagad2/WISC-S25-MIPS-CPU/Extra-Credit/designs/BitCell.v'.  (AUTOREAD-100)
Information: Adding '/filespace/s/sjonnalagad2/WISC-S25-MIPS-CPU/Extra-Credit/designs/Branch_Cache.v'.  (AUTOREAD-100)
Information: Adding '/filespace/s/sjonnalagad2/WISC-S25-MIPS-CPU/Extra-Credit/designs/Branch_control.v'.  (AUTOREAD-100)
Information: Adding '/filespace/s/sjonnalagad2/WISC-S25-MIPS-CPU/Extra-Credit/designs/BTB.v'.  (AUTOREAD-100)
Information: Adding '/filespace/s/sjonnalagad2/WISC-S25-MIPS-CPU/Extra-Credit/designs/Cache_Control.v'.  (AUTOREAD-100)
Information: Adding '/filespace/s/sjonnalagad2/WISC-S25-MIPS-CPU/Extra-Credit/designs/Cache.v'.  (AUTOREAD-100)
Information: Adding '/filespace/s/sjonnalagad2/WISC-S25-MIPS-CPU/Extra-Credit/designs/CLA_4bit.v'.  (AUTOREAD-100)
Information: Adding '/filespace/s/sjonnalagad2/WISC-S25-MIPS-CPU/Extra-Credit/designs/CLA_8bit.v'.  (AUTOREAD-100)
Information: Adding '/filespace/s/sjonnalagad2/WISC-S25-MIPS-CPU/Extra-Credit/designs/CLA_16bit.v'.  (AUTOREAD-100)
Information: Adding '/filespace/s/sjonnalagad2/WISC-S25-MIPS-CPU/Extra-Credit/designs/ControlUnit.v'.  (AUTOREAD-100)
Information: Adding '/filespace/s/sjonnalagad2/WISC-S25-MIPS-CPU/Extra-Credit/designs/CPU_Register.v'.  (AUTOREAD-100)
Information: Adding '/filespace/s/sjonnalagad2/WISC-S25-MIPS-CPU/Extra-Credit/designs/DataArray.v'.  (AUTOREAD-100)
Information: Adding '/filespace/s/sjonnalagad2/WISC-S25-MIPS-CPU/Extra-Credit/designs/Decode.v'.  (AUTOREAD-100)
Information: Adding '/filespace/s/sjonnalagad2/WISC-S25-MIPS-CPU/Extra-Credit/designs/Decoder_2_4.v'.  (AUTOREAD-100)
Information: Adding '/filespace/s/sjonnalagad2/WISC-S25-MIPS-CPU/Extra-Credit/designs/Decoder_3_8.v'.  (AUTOREAD-100)
Information: Adding '/filespace/s/sjonnalagad2/WISC-S25-MIPS-CPU/Extra-Credit/designs/Decoder_4_16.v'.  (AUTOREAD-100)
Information: Adding '/filespace/s/sjonnalagad2/WISC-S25-MIPS-CPU/Extra-Credit/designs/Decoder_5_32.v'.  (AUTOREAD-100)
Information: Adding '/filespace/s/sjonnalagad2/WISC-S25-MIPS-CPU/Extra-Credit/designs/Decoder_6_64.v'.  (AUTOREAD-100)
Information: Adding '/filespace/s/sjonnalagad2/WISC-S25-MIPS-CPU/Extra-Credit/designs/dff.v'.  (AUTOREAD-100)
Information: Adding '/filespace/s/sjonnalagad2/WISC-S25-MIPS-CPU/Extra-Credit/designs/DynamicBranchPredictor.v'.  (AUTOREAD-100)
Information: Adding '/filespace/s/sjonnalagad2/WISC-S25-MIPS-CPU/Extra-Credit/designs/EX_MEM_pipe_reg.v'.  (AUTOREAD-100)
Information: Adding '/filespace/s/sjonnalagad2/WISC-S25-MIPS-CPU/Extra-Credit/designs/Execute.v'.  (AUTOREAD-100)
Information: Adding '/filespace/s/sjonnalagad2/WISC-S25-MIPS-CPU/Extra-Credit/designs/Fetch.v'.  (AUTOREAD-100)
Information: Adding '/filespace/s/sjonnalagad2/WISC-S25-MIPS-CPU/Extra-Credit/designs/Flag_Register.v'.  (AUTOREAD-100)
Information: Adding '/filespace/s/sjonnalagad2/WISC-S25-MIPS-CPU/Extra-Credit/designs/ForwardingUnit.v'.  (AUTOREAD-100)
Information: Adding '/filespace/s/sjonnalagad2/WISC-S25-MIPS-CPU/Extra-Credit/designs/HazardDetectionUnit.v'.  (AUTOREAD-100)
Information: Adding '/filespace/s/sjonnalagad2/WISC-S25-MIPS-CPU/Extra-Credit/designs/ID_EX_pipe_reg.v'.  (AUTOREAD-100)
Information: Adding '/filespace/s/sjonnalagad2/WISC-S25-MIPS-CPU/Extra-Credit/designs/IF_ID_pipe_reg.v'.  (AUTOREAD-100)
Information: Adding '/filespace/s/sjonnalagad2/WISC-S25-MIPS-CPU/Extra-Credit/designs/MEM_WB_pipe_reg.v'.  (AUTOREAD-100)
Information: Adding '/filespace/s/sjonnalagad2/WISC-S25-MIPS-CPU/Extra-Credit/designs/memory_system.v'.  (AUTOREAD-100)
Information: Adding '/filespace/s/sjonnalagad2/WISC-S25-MIPS-CPU/Extra-Credit/designs/MetaDataArray.v'.  (AUTOREAD-100)
Information: Adding '/filespace/s/sjonnalagad2/WISC-S25-MIPS-CPU/Extra-Credit/designs/PSA_16bit.v'.  (AUTOREAD-100)
Information: Adding '/filespace/s/sjonnalagad2/WISC-S25-MIPS-CPU/Extra-Credit/designs/RED_Unit.v'.  (AUTOREAD-100)
Information: Adding '/filespace/s/sjonnalagad2/WISC-S25-MIPS-CPU/Extra-Credit/designs/Register.v'.  (AUTOREAD-100)
Information: Adding '/filespace/s/sjonnalagad2/WISC-S25-MIPS-CPU/Extra-Credit/designs/RegisterFile.v'.  (AUTOREAD-100)
Information: Adding '/filespace/s/sjonnalagad2/WISC-S25-MIPS-CPU/Extra-Credit/designs/Shifter.v'.  (AUTOREAD-100)
Information: Adding '/filespace/s/sjonnalagad2/WISC-S25-MIPS-CPU/Extra-Credit/designs/WriteDecoder_3_8.v'.  (AUTOREAD-100)
Information: Adding '/filespace/s/sjonnalagad2/WISC-S25-MIPS-CPU/Extra-Credit/designs/WriteDecoder_4_16.v'.  (AUTOREAD-100)
Information: Scanning file { proc.v }. (AUTOREAD-303)
Information: Scanning file { ALU.v }. (AUTOREAD-303)
Information: Scanning file { BHT.v }. (AUTOREAD-303)
Information: Scanning file { BitCell.v }. (AUTOREAD-303)
Information: Scanning file { Branch_Cache.v }. (AUTOREAD-303)
Information: Scanning file { Branch_control.v }. (AUTOREAD-303)
Information: Scanning file { BTB.v }. (AUTOREAD-303)
Information: Scanning file { Cache_Control.v }. (AUTOREAD-303)
Information: Scanning file { Cache.v }. (AUTOREAD-303)
Information: Scanning file { CLA_4bit.v }. (AUTOREAD-303)
Information: Scanning file { CLA_8bit.v }. (AUTOREAD-303)
Information: Scanning file { CLA_16bit.v }. (AUTOREAD-303)
Information: Scanning file { ControlUnit.v }. (AUTOREAD-303)
Information: Scanning file { CPU_Register.v }. (AUTOREAD-303)
Information: Scanning file { DataArray.v }. (AUTOREAD-303)
Information: Scanning file { Decode.v }. (AUTOREAD-303)
Information: Scanning file { Decoder_2_4.v }. (AUTOREAD-303)
Information: Scanning file { Decoder_3_8.v }. (AUTOREAD-303)
Information: Scanning file { Decoder_4_16.v }. (AUTOREAD-303)
Information: Scanning file { Decoder_5_32.v }. (AUTOREAD-303)
Information: Scanning file { Decoder_6_64.v }. (AUTOREAD-303)
Information: Scanning file { dff.v }. (AUTOREAD-303)
Information: Scanning file { DynamicBranchPredictor.v }. (AUTOREAD-303)
Information: Scanning file { EX_MEM_pipe_reg.v }. (AUTOREAD-303)
Information: Scanning file { Execute.v }. (AUTOREAD-303)
Information: Scanning file { Fetch.v }. (AUTOREAD-303)
Information: Scanning file { Flag_Register.v }. (AUTOREAD-303)
Information: Scanning file { ForwardingUnit.v }. (AUTOREAD-303)
Information: Scanning file { HazardDetectionUnit.v }. (AUTOREAD-303)
Information: Scanning file { ID_EX_pipe_reg.v }. (AUTOREAD-303)
Information: Scanning file { IF_ID_pipe_reg.v }. (AUTOREAD-303)
Information: Scanning file { MEM_WB_pipe_reg.v }. (AUTOREAD-303)
Information: Scanning file { memory_system.v }. (AUTOREAD-303)
Information: Scanning file { MetaDataArray.v }. (AUTOREAD-303)
Information: Scanning file { PSA_16bit.v }. (AUTOREAD-303)
Information: Scanning file { RED_Unit.v }. (AUTOREAD-303)
Information: Scanning file { Register.v }. (AUTOREAD-303)
Information: Scanning file { RegisterFile.v }. (AUTOREAD-303)
Information: Scanning file { Shifter.v }. (AUTOREAD-303)
Information: Scanning file { WriteDecoder_3_8.v }. (AUTOREAD-303)
Information: Scanning file { WriteDecoder_4_16.v }. (AUTOREAD-303)
Compiling source file /filespace/s/sjonnalagad2/WISC-S25-MIPS-CPU/Extra-Credit/designs/Decoder_2_4.v
Presto compilation completed successfully.
Compiling source file /filespace/s/sjonnalagad2/WISC-S25-MIPS-CPU/Extra-Credit/designs/Decoder_3_8.v
Presto compilation completed successfully.
Compiling source file /filespace/s/sjonnalagad2/WISC-S25-MIPS-CPU/Extra-Credit/designs/WriteDecoder_3_8.v
Presto compilation completed successfully.
Compiling source file /filespace/s/sjonnalagad2/WISC-S25-MIPS-CPU/Extra-Credit/designs/dff.v
Presto compilation completed successfully.
Compiling source file /filespace/s/sjonnalagad2/WISC-S25-MIPS-CPU/Extra-Credit/designs/BitCell.v
Presto compilation completed successfully.
Compiling source file /filespace/s/sjonnalagad2/WISC-S25-MIPS-CPU/Extra-Credit/designs/Register.v
Presto compilation completed successfully.
Compiling source file /filespace/s/sjonnalagad2/WISC-S25-MIPS-CPU/Extra-Credit/designs/Branch_Cache.v
Presto compilation completed successfully.
Compiling source file /filespace/s/sjonnalagad2/WISC-S25-MIPS-CPU/Extra-Credit/designs/BTB.v
Presto compilation completed successfully.
Compiling source file /filespace/s/sjonnalagad2/WISC-S25-MIPS-CPU/Extra-Credit/designs/BHT.v
Presto compilation completed successfully.
Compiling source file /filespace/s/sjonnalagad2/WISC-S25-MIPS-CPU/Extra-Credit/designs/DynamicBranchPredictor.v
Presto compilation completed successfully.
Compiling source file /filespace/s/sjonnalagad2/WISC-S25-MIPS-CPU/Extra-Credit/designs/CPU_Register.v
Presto compilation completed successfully.
Compiling source file /filespace/s/sjonnalagad2/WISC-S25-MIPS-CPU/Extra-Credit/designs/CLA_4bit.v
Presto compilation completed successfully.
Compiling source file /filespace/s/sjonnalagad2/WISC-S25-MIPS-CPU/Extra-Credit/designs/CLA_16bit.v
Presto compilation completed successfully.
Compiling source file /filespace/s/sjonnalagad2/WISC-S25-MIPS-CPU/Extra-Credit/designs/Fetch.v
Presto compilation completed successfully.
Compiling source file /filespace/s/sjonnalagad2/WISC-S25-MIPS-CPU/Extra-Credit/designs/Decoder_4_16.v
Presto compilation completed successfully.
Compiling source file /filespace/s/sjonnalagad2/WISC-S25-MIPS-CPU/Extra-Credit/designs/Decoder_5_32.v
Presto compilation completed successfully.
Compiling source file /filespace/s/sjonnalagad2/WISC-S25-MIPS-CPU/Extra-Credit/designs/Decoder_6_64.v
Presto compilation completed successfully.
Compiling source file /filespace/s/sjonnalagad2/WISC-S25-MIPS-CPU/Extra-Credit/designs/DataArray.v
Presto compilation completed successfully.
Compiling source file /filespace/s/sjonnalagad2/WISC-S25-MIPS-CPU/Extra-Credit/designs/MetaDataArray.v
Presto compilation completed successfully.
Compiling source file /filespace/s/sjonnalagad2/WISC-S25-MIPS-CPU/Extra-Credit/designs/Cache.v
Presto compilation completed successfully.
Compiling source file /filespace/s/sjonnalagad2/WISC-S25-MIPS-CPU/Extra-Credit/designs/Cache_Control.v
Presto compilation completed successfully.
Compiling source file /filespace/s/sjonnalagad2/WISC-S25-MIPS-CPU/Extra-Credit/designs/memory_system.v
Presto compilation completed successfully.
Compiling source file /filespace/s/sjonnalagad2/WISC-S25-MIPS-CPU/Extra-Credit/designs/IF_ID_pipe_reg.v
Presto compilation completed successfully.
Compiling source file /filespace/s/sjonnalagad2/WISC-S25-MIPS-CPU/Extra-Credit/designs/ControlUnit.v
Presto compilation completed successfully.
Compiling source file /filespace/s/sjonnalagad2/WISC-S25-MIPS-CPU/Extra-Credit/designs/Branch_control.v
Presto compilation completed successfully.
Compiling source file /filespace/s/sjonnalagad2/WISC-S25-MIPS-CPU/Extra-Credit/designs/WriteDecoder_4_16.v
Presto compilation completed successfully.
Compiling source file /filespace/s/sjonnalagad2/WISC-S25-MIPS-CPU/Extra-Credit/designs/RegisterFile.v
Presto compilation completed successfully.
Compiling source file /filespace/s/sjonnalagad2/WISC-S25-MIPS-CPU/Extra-Credit/designs/Decode.v
Presto compilation completed successfully.
Compiling source file /filespace/s/sjonnalagad2/WISC-S25-MIPS-CPU/Extra-Credit/designs/HazardDetectionUnit.v
Presto compilation completed successfully.
Compiling source file /filespace/s/sjonnalagad2/WISC-S25-MIPS-CPU/Extra-Credit/designs/ID_EX_pipe_reg.v
Presto compilation completed successfully.
Compiling source file /filespace/s/sjonnalagad2/WISC-S25-MIPS-CPU/Extra-Credit/designs/PSA_16bit.v
Presto compilation completed successfully.
Compiling source file /filespace/s/sjonnalagad2/WISC-S25-MIPS-CPU/Extra-Credit/designs/CLA_8bit.v
Presto compilation completed successfully.
Compiling source file /filespace/s/sjonnalagad2/WISC-S25-MIPS-CPU/Extra-Credit/designs/RED_Unit.v
Presto compilation completed successfully.
Compiling source file /filespace/s/sjonnalagad2/WISC-S25-MIPS-CPU/Extra-Credit/designs/Shifter.v
Presto compilation completed successfully.
Compiling source file /filespace/s/sjonnalagad2/WISC-S25-MIPS-CPU/Extra-Credit/designs/ALU.v
Presto compilation completed successfully.
Compiling source file /filespace/s/sjonnalagad2/WISC-S25-MIPS-CPU/Extra-Credit/designs/Flag_Register.v
Presto compilation completed successfully.
Compiling source file /filespace/s/sjonnalagad2/WISC-S25-MIPS-CPU/Extra-Credit/designs/Execute.v
Presto compilation completed successfully.
Compiling source file /filespace/s/sjonnalagad2/WISC-S25-MIPS-CPU/Extra-Credit/designs/ForwardingUnit.v
Presto compilation completed successfully.
Compiling source file /filespace/s/sjonnalagad2/WISC-S25-MIPS-CPU/Extra-Credit/designs/EX_MEM_pipe_reg.v
Presto compilation completed successfully.
Compiling source file /filespace/s/sjonnalagad2/WISC-S25-MIPS-CPU/Extra-Credit/designs/MEM_WB_pipe_reg.v
Presto compilation completed successfully.
Compiling source file /filespace/s/sjonnalagad2/WISC-S25-MIPS-CPU/Extra-Credit/designs/proc.v
Presto compilation completed successfully.
Elaborating top design proc
Loading db file '/cae/apps/data/saed32_edk-2022/lib/stdcell_lvt/db_nldm/saed32lvt_tt0p85v25c.db'
Loading db file '/cae/apps/data/saed32_edk-2022/lib/io_std/db_nldm/saed32io_wb_tt1p05v25c_2p5v.db'
Loading db file '/cae/apps/data/synopsys-2024/syn/V-2023.12-SP5/libraries/syn/gtech.db'
Loading db file '/cae/apps/data/synopsys-2024/syn/V-2023.12-SP5/libraries/syn/standard.sldb'
  Loading link library 'saed32lvt_tt0p85v25c'
  Loading link library 'saed32io_wb_tt1p05v25c_2p5v'
  Loading link library 'gtech'
Running PRESTO HDLC
Presto compilation completed successfully. (proc)
Elaborated 1 design.
Current design is now 'proc'.
Information: Building the design 'Fetch'. (HDL-193)
Presto compilation completed successfully. (Fetch)
Information: Building the design 'memory_system'. (HDL-193)
Presto compilation completed successfully. (memory_system)
Information: Building the design 'IF_ID_pipe_reg'. (HDL-193)
Presto compilation completed successfully. (IF_ID_pipe_reg)
Information: Building the design 'Decode'. (HDL-193)
Presto compilation completed successfully. (Decode)
Information: Building the design 'HazardDetectionUnit'. (HDL-193)
Presto compilation completed successfully. (HazardDetectionUnit)
Information: Building the design 'ID_EX_pipe_reg'. (HDL-193)
Presto compilation completed successfully. (ID_EX_pipe_reg)
Information: Building the design 'Execute'. (HDL-193)
Presto compilation completed successfully. (Execute)
Information: Building the design 'ForwardingUnit'. (HDL-193)
Presto compilation completed successfully. (ForwardingUnit)
Information: Building the design 'EX_MEM_pipe_reg'. (HDL-193)
Presto compilation completed successfully. (EX_MEM_pipe_reg)
Information: Building the design 'MEM_WB_pipe_reg'. (HDL-193)
Presto compilation completed successfully. (MEM_WB_pipe_reg)
Information: Building the design 'DynamicBranchPredictor'. (HDL-193)
Presto compilation completed successfully. (DynamicBranchPredictor)
Information: Building the design 'CPU_Register'. (HDL-193)
Presto compilation completed successfully. (CPU_Register)
Information: Building the design 'CLA_16bit'. (HDL-193)
Presto compilation completed successfully. (CLA_16bit)
Information: Building the design 'Cache'. (HDL-193)
Presto compilation completed successfully. (Cache)
Information: Building the design 'Cache_Control'. (HDL-193)

Statistics for case statements in always block at line 154 in file
	'/filespace/s/sjonnalagad2/WISC-S25-MIPS-CPU/Extra-Credit/designs/Cache_Control.v'
===============================================
|           Line           |  full/ parallel  |
===============================================
|           167            |    auto/auto     |
===============================================
Presto compilation completed successfully. (Cache_Control)
Information: Building the design 'CPU_Register' instantiated from design 'IF_ID_pipe_reg' with
	the parameters "WIDTH=2". (HDL-193)
Presto compilation completed successfully. (CPU_Register_WIDTH2)
Information: Building the design 'ControlUnit'. (HDL-193)
Presto compilation completed successfully. (ControlUnit)
Information: Building the design 'Branch_Control'. (HDL-193)
Presto compilation completed successfully. (Branch_Control)
Information: Building the design 'RegisterFile'. (HDL-193)
Presto compilation completed successfully. (RegisterFile)
Information: Building the design 'CPU_Register' instantiated from design 'ID_EX_pipe_reg' with
	the parameters "WIDTH=4". (HDL-193)
Presto compilation completed successfully. (CPU_Register_WIDTH4)
Information: Building the design 'CPU_Register' instantiated from design 'ID_EX_pipe_reg' with
	the parameters "WIDTH=1". (HDL-193)
Presto compilation completed successfully. (CPU_Register_WIDTH1)
Information: Building the design 'CPU_Register' instantiated from design 'ID_EX_pipe_reg' with
	the parameters "WIDTH=16". (HDL-193)
Presto compilation completed successfully. (CPU_Register_WIDTH16)
Information: Building the design 'ALU'. (HDL-193)

Statistics for case statements in always block at line 91 in file
	'/filespace/s/sjonnalagad2/WISC-S25-MIPS-CPU/Extra-Credit/designs/ALU.v'
===============================================
|           Line           |  full/ parallel  |
===============================================
|            94            |    auto/auto     |
===============================================
Presto compilation completed successfully. (ALU)
Information: Building the design 'Flag_Register'. (HDL-193)
Presto compilation completed successfully. (Flag_Register)
Information: Building the design 'BTB'. (HDL-193)
Presto compilation completed successfully. (BTB)
Information: Building the design 'BHT'. (HDL-193)
Warning:  /filespace/s/sjonnalagad2/WISC-S25-MIPS-CPU/Extra-Credit/designs/BHT.v:98: DEFAULT branch of CASE statement cannot be reached. (ELAB-311)

Statistics for case statements in always block at line 73 in file
	'/filespace/s/sjonnalagad2/WISC-S25-MIPS-CPU/Extra-Credit/designs/BHT.v'
===============================================
|           Line           |  full/ parallel  |
===============================================
|            76            |    auto/auto     |
===============================================
Presto compilation completed successfully. (BHT)
Information: Building the design 'dff'. (HDL-193)

Inferred memory devices in process
	in routine dff line 15 in file
		'/filespace/s/sjonnalagad2/WISC-S25-MIPS-CPU/Extra-Credit/designs/dff.v'.
===============================================================================
|    Register Name    |   Type    | Width | Bus | MB | AR | AS | SR | SS | ST |
===============================================================================
|      state_reg      | Flip-flop |   1   |  N  | N  | N  | N  | N  | N  | N  |
===============================================================================
Presto compilation completed successfully. (dff)
Information: Building the design 'CLA_4bit'. (HDL-193)
Presto compilation completed successfully. (CLA_4bit)
Information: Building the design 'Decoder_3_8'. (HDL-193)
Presto compilation completed successfully. (Decoder_3_8)
Information: Building the design 'Decoder_6_64'. (HDL-193)
Presto compilation completed successfully. (Decoder_6_64)
Information: Building the design 'DataArray'. (HDL-193)
Presto compilation completed successfully. (DataArray)
Information: Building the design 'MetaDataArray'. (HDL-193)
Presto compilation completed successfully. (MetaDataArray)
Information: Building the design 'CPU_Register' instantiated from design 'Cache_Control' with
	the parameters "WIDTH=8". (HDL-193)
Presto compilation completed successfully. (CPU_Register_WIDTH8)
Information: Building the design 'Decoder_4_16'. (HDL-193)
Presto compilation completed successfully. (Decoder_4_16)
Information: Building the design 'WriteDecoder_4_16'. (HDL-193)
Presto compilation completed successfully. (WriteDecoder_4_16)
Information: Building the design 'Register'. (HDL-193)
Presto compilation completed successfully. (Register)
Information: Building the design 'PSA_16bit'. (HDL-193)
Presto compilation completed successfully. (PSA_16bit)
Information: Building the design 'RED_Unit'. (HDL-193)
Presto compilation completed successfully. (RED_Unit)
Information: Building the design 'Shifter'. (HDL-193)
Presto compilation completed successfully. (Shifter)
Information: Building the design 'Branch_Cache'. (HDL-193)
Presto compilation completed successfully. (Branch_Cache)
Information: Building the design 'Branch_Cache' instantiated from design 'BHT' with
	the parameters "15". (HDL-193)
Presto compilation completed successfully. (Branch_Cache_WIDTH15)
Information: Building the design 'Decoder_2_4'. (HDL-193)
Presto compilation completed successfully. (Decoder_2_4)
Information: Building the design 'Decoder_5_32'. (HDL-193)
Presto compilation completed successfully. (Decoder_5_32)
Information: Building the design 'DataSet'. (HDL-193)
Presto compilation completed successfully. (DataSet)
Information: Building the design 'MetaDataSet'. (HDL-193)
Presto compilation completed successfully. (MetaDataSet)
Information: Building the design 'CLA_8bit'. (HDL-193)
Presto compilation completed successfully. (CLA_8bit)
Information: Building the design 'WriteDecoder_3_8'. (HDL-193)
Presto compilation completed successfully. (WriteDecoder_3_8)
Information: Building the design 'Register' instantiated from design 'Branch_Cache' with
	the parameters "16". (HDL-193)
Presto compilation completed successfully. (Register_WIDTH16)
Information: Building the design 'Register' instantiated from design 'Branch_Cache_WIDTH15' with
	the parameters "15". (HDL-193)
Presto compilation completed successfully. (Register_WIDTH15)
Information: Building the design 'BitCell'. (HDL-193)

Inferred tri-state devices in process
	in routine BitCell line 36 in file
		'/filespace/s/sjonnalagad2/WISC-S25-MIPS-CPU/Extra-Credit/designs/BitCell.v'.
============================================
| Register Name |       Type       | Width |
============================================
| Bitline1_tri  | Tri-State Buffer |   1   |
============================================

Inferred tri-state devices in process
	in routine BitCell line 39 in file
		'/filespace/s/sjonnalagad2/WISC-S25-MIPS-CPU/Extra-Credit/designs/BitCell.v'.
============================================
| Register Name |       Type       | Width |
============================================
| Bitline2_tri  | Tri-State Buffer |   1   |
============================================
Presto compilation completed successfully. (BitCell)
Information: Building the design 'Block'. (HDL-193)
Presto compilation completed successfully. (Block)
Information: Building the design 'MBlock'. (HDL-193)
Presto compilation completed successfully. (MBlock)
Information: Building the design 'DWord'. (HDL-193)
Presto compilation completed successfully. (DWord)
Information: Building the design 'MCell'. (HDL-193)

Inferred tri-state devices in process
	in routine MCell line 28 in file
		'/filespace/s/sjonnalagad2/WISC-S25-MIPS-CPU/Extra-Credit/designs/MetaDataArray.v'.
============================================
| Register Name |       Type       | Width |
============================================
|   Dout_tri    | Tri-State Buffer |   1   |
============================================
Presto compilation completed successfully. (MCell)
Information: Building the design 'DCell'. (HDL-193)

Inferred tri-state devices in process
	in routine DCell line 39 in file
		'/filespace/s/sjonnalagad2/WISC-S25-MIPS-CPU/Extra-Credit/designs/DataArray.v'.
============================================
| Register Name |       Type       | Width |
============================================
|   Dout_tri    | Tri-State Buffer |   1   |
============================================
Presto compilation completed successfully. (DCell)
Autoread command completed successfully.

  Linking design 'proc'
  Using the following designs and libraries:
  --------------------------------------------------------------------------
  proc                        /filespace/s/sjonnalagad2/WISC-S25-MIPS-CPU/Extra-Credit/synthesis/proc.db
  saed32lvt_tt0p85v25c (library) /cae/apps/data/saed32_edk-2022/lib/stdcell_lvt/db_nldm/saed32lvt_tt0p85v25c.db
  saed32io_wb_tt1p05v25c_2p5v (library) /cae/apps/data/saed32_edk-2022/lib/io_std/db_nldm/saed32io_wb_tt1p05v25c_2p5v.db
  * (55 designs)              /filespace/s/sjonnalagad2/WISC-S25-MIPS-CPU/Extra-Credit/synthesis/Fetch.db, etc

Warning: Design rule attributes from the driving cell will be set on the port 'rst'. (UID-401)
Warning: Design rule attributes from the driving cell will be set on the port 'mem_data_valid'. (UID-401)
Warning: Design rule attributes from the driving cell will be set on the port 'mem_data_in[15]'. (UID-401)
Warning: Design rule attributes from the driving cell will be set on the port 'mem_data_in[14]'. (UID-401)
Warning: Design rule attributes from the driving cell will be set on the port 'mem_data_in[13]'. (UID-401)
Warning: Design rule attributes from the driving cell will be set on the port 'mem_data_in[12]'. (UID-401)
Warning: Design rule attributes from the driving cell will be set on the port 'mem_data_in[11]'. (UID-401)
Warning: Design rule attributes from the driving cell will be set on the port 'mem_data_in[10]'. (UID-401)
Warning: Design rule attributes from the driving cell will be set on the port 'mem_data_in[9]'. (UID-401)
Warning: Design rule attributes from the driving cell will be set on the port 'mem_data_in[8]'. (UID-401)
Warning: Design rule attributes from the driving cell will be set on the port 'mem_data_in[7]'. (UID-401)
Warning: Design rule attributes from the driving cell will be set on the port 'mem_data_in[6]'. (UID-401)
Warning: Design rule attributes from the driving cell will be set on the port 'mem_data_in[5]'. (UID-401)
Warning: Design rule attributes from the driving cell will be set on the port 'mem_data_in[4]'. (UID-401)
Warning: Design rule attributes from the driving cell will be set on the port 'mem_data_in[3]'. (UID-401)
Warning: Design rule attributes from the driving cell will be set on the port 'mem_data_in[2]'. (UID-401)
Warning: Design rule attributes from the driving cell will be set on the port 'mem_data_in[1]'. (UID-401)
Warning: Design rule attributes from the driving cell will be set on the port 'mem_data_in[0]'. (UID-401)
Warning: cell 'iFETCH/iDBP/iBTB/iMEM_BTB/iREAD_CURR/iDECODER_first/I_0' is of the wrong type. (UID-119)
Warning: cell 'iFETCH/iDBP/iBTB/iMEM_BTB/iREAD_CURR/iDECODER_first/C28' is of the wrong type. (UID-119)
Warning: cell 'iFETCH/iDBP/iBTB/iMEM_BTB/iREAD_CURR/iDECODER_first/I_1' is of the wrong type. (UID-119)
Warning: cell 'iFETCH/iDBP/iBTB/iMEM_BTB/iREAD_CURR/iDECODER_first/I_2' is of the wrong type. (UID-119)
Warning: cell 'iFETCH/iDBP/iBTB/iMEM_BTB/iREAD_CURR/iDECODER_first/C31' is of the wrong type. (UID-119)
Warning: cell 'iFETCH/iDBP/iBTB/iMEM_BTB/iREAD_CURR/iDECODER_first/I_3' is of the wrong type. (UID-119)
Warning: cell 'iFETCH/iDBP/iBTB/iMEM_BTB/iREAD_CURR/iDECODER_first/C33' is of the wrong type. (UID-119)
Warning: cell 'iFETCH/iDBP/iBTB/iMEM_BTB/iREAD_CURR/iDECODER_first/C34' is of the wrong type. (UID-119)
Warning: cell 'iFETCH/iDBP/iBTB/iMEM_BTB/iREAD_CURR/iDECODER_first/B_0' is of the wrong type. (UID-119)
Warning: cell 'iFETCH/iDBP/iBTB/iMEM_BTB/iREAD_CURR/iDECODER_first/B_1' is of the wrong type. (UID-119)
Warning: ...504648 additional objects are of the wrong type. (UID-119)
Warning: Ignoring all 504658 objects in collection '_sel7' because they are not of type port, design, or lib_pin. (UID-445)
Error: Value for list 'object_list' must have 1 elements. (CMD-036)
CPU Load: 12%, Ram Free: 22 GB, Swap Free: 1 GB, Work Disk Free: 24 GB, Tmp Disk Free: 820 GB
Warning: Setting attribute 'fix_multiple_port_nets' on design 'proc'. (UIO-59)
Information: Evaluating DesignWare library utilization. (UISN-27)

============================================================================
| DesignWare Building Block Library  |         Version         | Available |
============================================================================
| Basic DW Building Blocks           | V-2023.12-DWBB_202312.5 |     *     |
| Licensed DW Building Blocks        |                         |           |
============================================================================

====================================================================================================
| Flow Information                                                                                 |
----------------------------------------------------------------------------------------------------
| Flow         | Design Compiler                                                                   |
====================================================================================================
| Design Information                                      | Value                                  |
====================================================================================================
| Number of Scenarios                                     | 0                                      |
| Leaf Cell Count                                         | 394350                                 |
| Number of User Hierarchies                              | 74240                                  |
| Sequential Cell Count                                   | 35820                                  |
| Macro Count                                             | 0                                      |
| Number of Power Domains                                 | 0                                      |
| Number of Path Groups                                   | 2                                      |
| Number of VT Class                                      | 2                                      |
| Number of Clocks                                        | 1                                      |
| Number of Dont Touch Cells                              | 144071                                 |
| Number of Dont Touch Nets                               | 148161                                 |
| Number of Size Only Cells                               | 0                                      |
| Design with UPF Data                                    | false                                  |
====================================================================================================

Information: There are 204 potential problems in your design. Please run 'check_design' for more information. (LINT-99)


Warning: Operating condition tt0p85v25c set on design proc has different process,
voltage and temperatures parameters than the parameters at which target library 
saed32io_wb_tt1p05v25c_2p5v is characterized. Delays may be inaccurate as a result. (OPT-998)

  Beginning Pass 1 Mapping
  ------------------------
  Processing 'dff_0'
  Processing 'CPU_Register_WIDTH1_0'
  Processing 'CPU_Register_WIDTH4_0'
  Processing 'CPU_Register_0'
  Processing 'MEM_WB_pipe_reg'
  Processing 'CPU_Register_WIDTH2_0'
  Processing 'CLA_4bit_0'
  Processing 'CLA_16bit_0'
  Processing 'CPU_Register_WIDTH8_0'
  Processing 'Cache_Control_0'
  Processing 'MCell_0'
  Processing 'MBlock_0'
  Processing 'MetaDataSet_0'
  Processing 'MetaDataArray_0'
  Processing 'DCell_0'
  Processing 'DWord_0'
  Processing 'Block_0'
  Processing 'DataSet_0'
  Processing 'DataArray_0'
  Processing 'Decoder_2_4_0'
  Processing 'Decoder_3_8_0'
  Processing 'Decoder_4_16_0'
  Processing 'Decoder_5_32_0'
  Processing 'Decoder_6_64_0'
  Processing 'Cache_0'
  Processing 'memory_system_0'
  Processing 'CPU_Register_WIDTH16_0'
  Processing 'EX_MEM_pipe_reg'
  Processing 'ForwardingUnit'
  Processing 'Flag_Register'
  Processing 'Shifter'
  Processing 'CLA_8bit_0'
  Processing 'RED_Unit'
  Processing 'PSA_16bit'
  Processing 'ALU'
  Processing 'Execute'
  Processing 'ID_EX_pipe_reg'
  Processing 'HazardDetectionUnit'
  Processing 'BitCell_0'
  Processing 'Register_0'
  Processing 'WriteDecoder_4_16'
  Processing 'RegisterFile'
  Processing 'Branch_Control'
  Processing 'ControlUnit'
  Processing 'Decode'
  Processing 'IF_ID_pipe_reg'
  Processing 'Register_WIDTH15_0'
  Processing 'WriteDecoder_3_8_0'
  Processing 'Branch_Cache_WIDTH15'
  Processing 'BHT'
  Processing 'Register_WIDTH16_0'
  Processing 'Branch_Cache'
  Processing 'BTB'
  Processing 'DynamicBranchPredictor'
  Processing 'Fetch'
  Processing 'proc'

  Updating timing information
Information: Updating design information... (UID-85)

  Beginning Implementation Selection
  ----------------------------------
  Processing 'Cache_1_DW01_cmp6_0_DW01_cmp6_8'
  Processing 'Cache_1_DW01_cmp6_1_DW01_cmp6_9'
  Processing 'Decode_DW01_cmp6_0_DW01_cmp6_10'
  Processing 'Branch_Control_DW01_cmp6_0_DW01_cmp6_11'
  Processing 'Cache_0_DW01_cmp6_0_DW01_cmp6_12'
  Processing 'Cache_0_DW01_cmp6_1_DW01_cmp6_13'
  Processing 'BHT_DW01_cmp6_0_DW01_cmp6_14'
  Processing 'BHT_DW01_cmp6_1_DW01_cmp6_15'

  Beginning Mapping Optimizations  (Medium effort)
  -------------------------------

                                  TOTAL                                      
   ELAPSED            WORST NEG   SETUP    DESIGN                            
    TIME      AREA      SLACK     COST    RULE COST         ENDPOINT         
  --------- --------- --------- --------- --------- -------------------------
    0:16:38  906296.6  38097.47 79111352.0 581739501.8                          
    0:16:38  906296.6  38097.47 79111352.0 581739501.8                          
    0:16:42  906411.5  38097.47 76776920.0 570456172.8                          
    0:16:45  906526.3  38097.47 74442480.0 559172843.8                          
    0:16:49  906641.2  38097.47 72108040.0 547889514.8                          
    0:16:53  906756.1  38097.47 69773608.0 536606185.8                          
    0:16:57  906870.9  38097.47 67439168.0 525322856.8                          
    0:17:01  906985.8  38097.47 65104732.0 514039527.8                          
    0:17:05  907100.7  38097.47 62770296.0 502756198.8                          
    0:17:09  907215.6  38097.47 60435856.0 491472869.8                          
    0:17:13  907330.4  38097.47 58101420.0 480189540.8                          
    0:17:16  907445.3  38097.47 55766984.0 468906211.8                          
    0:17:20  907560.2  38097.47 53432548.0 457622882.8                          
    0:17:24  907675.1  38097.47 51098108.0 446339553.8                          
    0:17:28  907789.9  38097.47 48763672.0 435056224.8                          
    0:17:32  907904.8  38097.47 46429236.0 423772895.8                          
    0:17:36  908019.7  38097.47 44094800.0 412489566.8                          
    0:17:38  911781.0  38097.52 41629644.0 363494273.6                          
    0:17:38  914724.0  38099.50 41629708.0 363491849.4                          
    0:17:39  914953.7  38099.50 41629708.0 363490886.7                          
    0:17:39  915183.5  38099.50 41629708.0 363489914.3                          
    0:17:39  915413.2  38099.50 41629708.0 363488941.8                          
    0:17:39  915643.0  38099.50 41629708.0 363487969.1                          
    0:17:42  916659.6  38099.49 41629708.0 363485683.1                          
    0:17:44  917676.1  38099.49 41629708.0 363484211.2                          
    0:17:46  918692.7  38099.49 41629708.0 363482739.3                          
    0:17:48  919709.3  38099.49 41629708.0 363481267.9                          
    0:17:50  920725.9  38099.49 41629708.0 363479796.6                          
    0:17:52  921742.4  38099.49 41629708.0 363478325.1                          
    0:17:54  923008.1  38119.22 41630340.0 363441713.6                          
    0:17:54  923101.6  38119.22 41630340.0 363441602.1                          
    0:17:54  923195.1  38119.22 41630340.0 363441490.6                          
    0:17:54  923288.6  38119.22 41630340.0 363441379.2                          
    0:17:54  923382.2  38119.22 41630340.0 363441267.7                          
    0:17:55  923475.7  38119.22 41630340.0 363441156.2                          
    0:17:55  923569.2  38119.22 41630340.0 363441044.7                          
    0:17:55  923662.7  38119.22 41630340.0 363440933.2                          
    0:17:55  923756.3  38119.22 41630340.0 363440821.7                          
    0:17:55  923849.8  38119.22 41630340.0 363440710.3                          
    0:17:55  923943.3  38119.22 41630340.0 363440598.8                          
    0:17:55  924036.8  38119.22 41630340.0 363440487.3                          
    0:17:55  924130.4  38119.22 41630340.0 363440375.8                          
    0:17:55  924223.9  38119.22 41630340.0 363440264.3                          
    0:17:55  924456.2  38119.22 41630340.0 363440073.7                          
    0:17:55  926458.3  38119.22 41630340.0 363439154.2                          
    0:17:55  928312.6  38119.22 41630340.0 363438347.3                          
    0:17:55  929971.6  38119.22 41630340.0 363437765.1                          
    0:17:56  931608.3  38119.22 41630340.0 363437055.5                          
    0:17:56  938029.0  38120.03 41630364.0 363427427.8                          
    0:18:04  941058.4  38120.01 41637232.0 363426724.5                          
    0:18:07  941173.3  38120.01 39302796.0 352143395.5                          
    0:18:11  941288.1  38120.01 36968356.0 340860066.5                          
    0:18:15  941403.0  38120.01 34633920.0 329576737.5                          
    0:18:19  941517.9  38120.01 32299484.0 318293408.5                          
    0:18:22  941632.8  38120.01 29965046.0 307010079.5                          
    0:18:26  941747.6  38120.01 27630610.0 295726750.5                          
    0:18:30  941862.5  38120.01 25296172.0 284443421.5                          
    0:18:34  941977.4  38120.01 22961736.0 273160092.5                          
    0:18:37  942092.3  38120.01 20627298.0 261876763.5                          
    0:18:41  942207.1  38120.01 18292862.0 250593434.5                          
    0:18:45  942322.0  38120.01 15958425.0 239310105.5                          
    0:18:49  942436.9  38120.01 13623988.0 228026776.5                          
    0:18:52  942551.7  38120.01 11289551.0 216743447.5                          
    0:18:56  942666.6  38120.01 8955114.0 205460118.5                          
    0:19:00  942781.5  38120.01 6620677.0 194176789.5                          
    0:19:04  942896.4  38120.01 4286240.0 182893460.5                          
    0:19:06  946657.7  38120.01 1828870.1 133523619.8                          
    0:19:07  946995.2  38120.01 1828901.8 133522605.8                          
    0:19:07  947224.9  38120.01 1828901.8 133521633.3                          
    0:19:07  947454.7  38120.01 1828901.8 133520660.6                          
    0:19:07  947684.4  38120.01 1828901.8 133519687.8                          
    0:19:10  948701.0  38120.01 1828901.8 133517401.8                          
    0:19:12  949717.6  38120.01 1828901.8 133515930.0                          
    0:19:14  950734.2  38120.01 1828901.8 133514458.1                          
    0:19:16  951750.7  38120.01 1828901.8 133512986.7                          
    0:19:18  952767.3  38120.01 1828901.8 133511515.4                          
    0:19:20  953783.9  38120.01 1828901.8 133510043.9                          
    0:19:22  955049.5  38120.01 1829217.4 133473432.3                          
    0:19:22  955143.1  38120.01 1829217.4 133473320.8                          
    0:19:22  955236.6  38120.01 1829217.4 133473209.3                          
    0:19:22  955330.1  38120.01 1829217.4 133473097.9                          
    0:19:22  955423.6  38120.01 1829217.4 133472986.4                          
    0:19:22  955517.2  38120.01 1829217.4 133472874.9                          
    0:19:23  955610.7  38120.01 1829217.4 133472763.4                          
    0:19:23  955704.2  38120.01 1829217.4 133472651.9                          
    0:19:23  955797.7  38120.01 1829217.4 133472540.4                          
    0:19:23  955891.3  38120.01 1829217.4 133472429.0                          
    0:19:23  955984.8  38120.01 1829217.4 133472317.5                          
    0:19:23  956078.3  38120.01 1829217.4 133472206.0                          
    0:19:23  956171.8  38120.01 1829217.4 133472094.5                          
    0:19:23  956265.4  38120.01 1829217.4 133471983.0                          
    0:19:23  956497.6  38120.01 1829217.4 133471792.4                          
    0:19:23  962862.9  38120.01 1829229.5 133462139.6                          
    0:19:24  969080.3  38120.01 1829229.5 133452573.6                          
    0:19:24  975297.7  38120.01 1829229.5 133443007.5                          
    0:19:24  981515.1  38120.01 1829229.5 133433441.4                          
    0:19:25  987732.5  38120.01 1829258.6 133423900.1                          
    0:19:25  993949.8  38120.01 1829258.6 133414358.5                          
    0:19:25 1000167.2  38120.01 1829258.6 133404817.0                          
    0:19:25 1006384.6  38120.01 1829258.6 133395275.4                          
    0:19:26 1012602.0  38120.01 1829258.6 133385733.8                          
    0:19:26 1018819.3  38120.01 1829258.6 133376192.3                          
    0:19:26 1025036.7  38120.01 1829258.6 133366650.7                          
    0:19:27 1031254.1  38120.01 1829258.6 133357109.2                          
    0:19:27 1037471.5  38120.01 1829258.6 133347567.6                          
    0:19:27 1043688.9  38120.01 1829258.6 133338026.1                          
    0:19:27 1049906.2  38120.01 1829258.6 133328484.5                          
    0:19:28 1056123.6  38120.01 1829258.6 133318943.0                          
    0:19:28 1062341.0  38120.01 1829258.6 133309401.4                          
    0:19:28 1068558.4  38120.01 1829258.6 133299859.9                          
    0:19:29 1074775.8  38120.01 1829258.6 133290318.3                          
    0:19:29 1080993.1  38120.01 1829258.6 133280776.8                          
    0:19:29 1087210.5  38120.01 1829258.6 133271235.2                          
    0:19:29 1093427.9  38120.01 1829258.6 133261693.6                          
    0:19:30 1099645.3  38120.01 1829258.6 133252152.1                          
    0:19:30 1105862.7  38120.01 1829258.6 133242610.5                          
    0:19:30 1112080.0  38120.01 1829258.6 133233069.0                          
    0:19:31 1118297.4  38120.01 1829258.6 133223527.4                          
    0:19:31 1124514.8  38120.01 1829258.6 133213985.9                          
    0:19:31 1130732.2  38120.01 1829258.6 133204444.3                          
    0:19:31 1136949.5  38120.01 1829258.6 133194902.8                          
    0:19:32 1143166.9  38120.01 1829258.6 133185361.2                          
    0:19:32 1149384.3  38120.01 1829258.6 133175819.7                          
    0:19:32 1155601.7  38120.01 1829258.6 133166278.1                          
    0:19:33 1161819.1  38120.01 1829258.6 133156736.6                          
    0:19:33 1168036.4  38120.01 1829258.6 133147195.0                          
    0:19:33 1174253.8  38120.01 1829258.6 133137653.4                          
    0:19:33 1180471.2  38120.01 1829258.6 133128111.9                          
    0:19:34 1186688.6  38120.01 1829258.6 133118570.3                          
    0:19:34 1192906.0  38120.01 1829258.6 133109028.8                          
    0:19:34 1199123.3  38120.01 1829258.6 133099487.2                          
    0:19:35 1205340.7  38120.01 1829258.6 133089945.7                          
    0:19:35 1211558.1  38120.01 1829258.6 133080404.1                          
    0:19:35 1217775.5  38120.01 1829258.6 133070862.6                          
    0:19:35 1223992.9  38120.01 1829258.6 133061321.0                          
    0:19:36 1230210.2  38120.01 1829258.6 133051779.5                          
    0:19:36 1236427.6  38120.01 1829258.6 133042237.9                          
    0:19:36 1242645.0  38120.01 1829258.6 133032696.4                          
    0:19:37 1248862.4  38120.01 1829258.6 133023154.8                          
    0:19:37 1255079.7  38120.01 1829258.6 133013613.2                          
    0:19:37 1261297.1  38120.01 1829258.6 133004071.7                          
    0:19:37 1267514.5  38120.01 1829258.6 132994530.1                          
    0:19:38 1273731.9  38120.01 1829258.6 132984988.6                          
    0:19:38 1279949.3  38120.01 1829258.6 132975447.0                          
    0:19:38 1286166.6  38120.01 1829258.6 132965905.5                          
    0:19:39 1292384.0  38120.01 1829258.6 132956363.9                          
    0:19:39 1298601.4  38120.01 1829258.6 132946822.4                          
    0:19:39 1304818.8  38120.01 1829258.6 132937280.8                          
    0:19:39 1311036.2  38120.01 1829258.6 132927739.3                          
    0:19:40 1317253.5  38120.01 1829258.6 132918197.7                          
    0:19:40 1323470.9  38120.01 1829258.6 132908656.2                          
    0:19:40 1329688.3  38120.01 1829258.6 132899114.6                          
    0:19:41 1335905.7  38120.01 1829258.6 132889573.0                          
    0:19:41 1342123.1  38120.01 1829258.6 132880031.5                          
    0:19:41 1348340.4  38120.01 1829258.6 132870489.9                          
    0:19:41 1354557.8  38120.01 1829258.6 132860948.4                          
    0:19:42 1360775.2  38120.02 1829258.9 132851382.3                          
    0:19:42 1366992.6  38120.02 1829258.9 132841816.3                          
    0:19:42 1373209.9  38120.02 1829258.9 132832250.2                          
    0:19:43 1379427.3  38121.84 1829317.1 132822708.7                          
    0:19:43 1385644.7  38121.84 1829317.1 132813167.2                          
    0:19:43 1391862.1  38121.84 1829317.1 132803625.6                          
    0:19:43 1398079.5  38121.84 1829317.1 132794084.1                          
    0:19:44 1404296.8  38121.84 1829317.1 132784542.5                          
    0:19:44 1410514.2  38121.84 1829317.1 132775001.0                          
    0:19:44 1416731.6  38121.84 1829317.1 132765459.4                          
    0:19:45 1422949.0  38121.84 1829317.1 132755917.8                          
    0:19:45 1429166.4  38121.84 1829317.1 132746376.3                          
    0:19:45 1435383.7  38121.84 1829317.1 132736834.7                          
    0:19:45 1441601.1  38121.84 1829317.1 132727293.2                          
    0:19:46 1447818.5  38121.84 1829317.1 132717751.6                          
    0:19:46 1454035.9  38121.84 1829317.1 132708210.1                          
    0:19:46 1460253.3  38121.84 1829317.1 132698668.5                          
    0:19:47 1466470.6  38121.84 1829317.1 132689127.0                          
    0:19:47 1472688.0  38121.84 1829317.1 132679585.4                          
    0:19:47 1478905.4  38121.84 1829317.1 132670043.9                          
    0:19:47 1485122.8  38121.84 1829317.1 132660502.3                          
    0:19:48 1491340.1  38121.84 1829317.1 132650960.8                          
    0:19:48 1497557.5  38121.84 1829317.1 132641419.2                          
    0:19:48 1503774.9  38121.84 1829317.1 132631877.6                          
    0:19:49 1509992.3  38121.84 1829317.1 132622336.1                          
    0:19:49 1516209.7  38121.84 1829317.1 132612794.5                          
    0:19:49 1522427.0  38121.84 1829317.1 132603253.0                          
    0:19:50 1528644.4  38121.84 1829317.1 132593711.4                          
    0:19:50 1534861.8  38121.84 1829317.1 132584169.9                          
    0:19:50 1541079.2  38121.84 1829317.1 132574628.3                          
    0:19:50 1547296.6  38121.84 1829317.1 132565086.8                          
    0:19:51 1553513.9  38121.84 1829317.1 132555545.2                          
    0:19:51 1559731.3  38121.84 1829317.1 132546003.7                          
    0:19:51 1565948.7  38121.84 1829317.1 132536462.1                          
    0:19:52 1572166.1  38121.84 1829317.1 132526920.5                          
    0:19:52 1578383.5  38121.84 1829317.1 132517379.0                          
    0:19:52 1584600.8  38121.84 1829317.1 132507837.4                          
    0:19:52 1590818.2  38121.84 1829317.1 132498295.9                          
    0:19:53 1597035.6  38121.84 1829317.1 132488754.3                          
    0:19:53 1603253.0  38121.84 1829317.1 132479212.8                          
    0:19:53 1609470.3  38121.84 1829317.1 132469671.2                          
    0:19:54 1615687.7  38121.84 1829317.1 132460129.7                          
    0:19:54 1621905.1  38121.84 1829317.1 132450588.1                          
    0:19:54 1628122.5  38121.84 1829317.1 132441046.6                          
    0:19:54 1634339.9  38121.84 1829317.1 132431505.0                          
    0:19:55 1640557.2  38121.84 1829317.1 132421963.5                          
    0:19:55 1646774.6  38121.84 1829317.1 132412421.9                          
    0:19:55 1652992.0  38121.84 1829317.1 132402880.3                          
    0:19:56 1659209.4  38121.84 1829317.1 132393338.8                          
    0:19:56 1665426.8  38121.84 1829317.1 132383797.2                          
    0:19:56 1671644.1  38121.84 1829317.1 132374255.7                          
    0:19:56 1677861.5  38121.84 1829317.1 132364714.1                          
    0:19:57 1684078.9  38121.84 1829317.1 132355172.6                          
    0:19:57 1690296.3  38121.84 1829317.1 132345631.0                          
    0:19:57 1696513.7  38121.84 1829317.1 132336089.5                          
    0:19:58 1702731.0  38121.84 1829317.1 132326547.9                          
    0:19:58 1708948.4  38121.84 1829317.1 132317006.4                          
    0:19:58 1715165.8  38121.84 1829317.1 132307464.8                          
    0:19:59 1721383.2  38121.84 1829317.1 132297923.3                          
    0:19:59 1727600.5  38121.84 1829317.1 132288381.7                          
    0:19:59 1733817.9  38121.84 1829317.1 132278840.1                          
    0:19:59 1740035.3  38121.84 1829317.1 132269298.6                          
    0:20:00 1746252.7  38121.84 1829317.1 132259757.0                          
    0:20:01 1746964.3  38121.84 1829317.0 132259414.2                          
    0:20:03 1747675.9  38121.84 1829317.0 132258896.4                          
    0:20:04 1748387.5  38121.84 1829317.0 132258378.6                          
    0:20:05 1749099.1  38121.84 1829317.0 132257860.7                          
    0:20:07 1749810.7  38121.84 1829317.0 132257342.9                          
    0:20:08 1750522.3  38121.84 1829317.0 132256825.2                          
    0:20:10 1751233.9  38121.84 1829317.0 132256307.4                          
    0:20:11 1751945.5  38121.84 1829317.0 132255789.6                          
    0:20:13 1752657.1  38121.84 1829317.0 132255271.9                          
    0:20:14 1753368.7  38121.84 1829317.0 132254754.1                          
    0:20:16 1754080.3  38121.84 1829317.0 132254236.3                          
    0:20:17 1754791.9  38121.84 1829317.0 132253718.6                          
    0:20:19 1755503.5  38121.84 1829317.0 132253200.8                          
    0:20:20 1756215.1  38121.84 1829317.0 132252683.0                          
    0:20:21 1756926.7  38121.84 1829317.0 132252165.3                          
    0:20:23 1757638.3  38121.84 1829317.0 132251647.5                          
    0:20:24 1758349.9  38121.84 1829317.0 132251129.7                          
    0:20:26 1759061.5  38121.84 1829317.0 132250612.0                          
    0:20:27 1759773.1  38121.84 1829317.0 132250094.2                          
    0:20:29 1760484.8  38121.84 1829317.0 132249576.4                          
    0:20:30 1761196.4  38121.84 1829317.0 132249058.7                          
    0:20:32 1761908.0  38121.84 1829317.0 132248540.9                          
    0:20:33 1762619.6  38121.84 1829317.0 132248023.1                          
    0:20:35 1763331.2  38121.84 1829317.0 132247505.4                          
    0:20:36 1764042.8  38121.84 1829317.0 132246987.6                          
    0:20:37 1764754.4  38121.84 1829317.0 132246469.8                          
    0:20:39 1765466.0  38121.84 1829317.0 132245952.1                          
    0:20:40 1766177.6  38121.84 1829317.0 132245434.3                          
    0:20:42 1766889.2  38121.84 1829317.0 132244916.5                          
    0:20:43 1767600.8  38121.84 1829317.0 132244398.8                          
    0:20:45 1768312.4  38121.84 1829317.0 132243881.0                          
    0:20:46 1769024.0  38121.84 1829317.0 132243363.2                          
    0:20:48 1769735.6  38121.84 1829317.0 132242845.5                          
    0:20:49 1770447.2  38121.84 1829317.0 132242327.7                          
    0:20:50 1771158.8  38121.84 1829317.0 132241809.9                          
    0:20:52 1771870.4  38121.84 1829317.0 132241292.2                          
    0:20:53 1772582.0  38121.84 1829317.0 132240774.4                          
    0:20:55 1773293.6  38121.84 1829317.0 132240256.6                          
    0:20:56 1774005.2  38121.84 1829317.0 132239738.9                          
    0:20:58 1774716.8  38121.84 1829317.0 132239221.1                          
    0:20:59 1775428.4  38121.84 1829317.0 132238703.3                          
    0:21:01 1776140.0  38121.84 1829317.0 132238185.6                          
    0:21:02 1776851.6  38121.84 1829317.0 132237667.8                          
    0:21:04 1777563.2  38121.84 1829317.0 132237150.0                          
    0:21:05 1778274.8  38121.84 1829317.0 132236632.3                          
    0:21:06 1778986.4  38121.84 1829317.0 132236114.5                          
    0:21:08 1779698.0  38121.84 1829317.0 132235596.7                          
    0:21:09 1780409.6  38121.84 1829317.0 132235079.0                          
    0:21:11 1781121.2  38121.84 1829317.0 132234561.2                          
    0:21:12 1781832.8  38121.84 1829317.0 132234043.4                          
    0:21:14 1782544.5  38121.84 1829317.0 132233525.7                          
    0:21:15 1783256.1  38121.84 1829317.0 132233007.9                          
    0:21:17 1783967.7  38121.84 1829317.0 132232490.1                          
    0:21:18 1784679.3  38121.84 1829317.0 132231972.4                          
    0:21:19 1785390.9  38121.84 1829317.0 132231454.6                          
    0:21:21 1786102.5  38121.84 1829317.0 132230936.8                          
    0:21:22 1786814.1  38121.84 1829317.0 132230419.1                          
    0:21:24 1787525.7  38121.84 1829317.0 132229901.3                          
    0:21:25 1788237.3  38121.84 1829317.0 132229383.5                          
    0:21:27 1788948.9  38121.84 1829317.0 132228865.8                          
    0:21:28 1789660.5  38121.84 1829317.0 132228348.0                          
    0:21:30 1790372.1  38121.84 1829317.0 132227830.3                          
    0:21:31 1791083.7  38121.84 1829317.0 132227312.5                          
    0:21:33 1791795.3  38121.84 1829317.0 132226794.7                          
    0:21:34 1792506.9  38121.84 1829317.0 132226277.0                          
    0:21:35 1793218.5  38121.84 1829317.0 132225759.2                          
    0:21:37 1793930.1  38121.84 1829317.0 132225241.4                          
    0:21:38 1794641.7  38121.84 1829317.0 132224723.7                          
    0:21:40 1795353.3  38121.84 1829317.0 132224205.9                          
    0:21:41 1796064.9  38121.84 1829317.0 132223688.1                          
    0:21:43 1796776.5  38121.84 1829317.0 132223170.4                          
    0:21:44 1797488.1  38121.84 1829317.0 132222652.6                          
    0:21:46 1798199.7  38121.84 1829317.0 132222134.8                          
    0:21:47 1798911.3  38121.84 1829316.9 132221700.0                          
    0:21:49 1799622.9  38121.84 1829316.9 132221182.1                          
    0:21:50 1800334.5  38121.84 1829316.9 132220664.3                          
    0:21:52 1801046.1  38121.84 1829316.9 132220146.5                          
    0:21:53 1801757.7  38121.84 1829316.9 132219628.7                          
    0:21:55 1802469.3  38121.84 1829316.9 132219110.9                          
    0:21:56 1803180.9  38121.84 1829316.9 132218593.2                          
    0:21:58 1803892.5  38121.84 1829316.9 132218075.4                          
    0:21:59 1804604.1  38121.84 1829316.9 132217557.6                          
    0:22:01 1805315.8  38121.84 1829316.9 132217039.9                          
    0:22:02 1806027.4  38121.84 1829316.9 132216522.1                          
    0:22:04 1806739.0  38121.84 1829316.9 132216004.3                          
    0:22:05 1807450.6  38121.84 1829316.9 132215486.6                          
    0:22:07 1808162.2  38121.84 1829316.9 132214968.8                          
    0:22:08 1808873.8  38121.84 1829316.9 132214451.1                          
    0:22:10 1809585.4  38121.84 1829316.9 132213933.3                          
    0:22:11 1810297.0  38121.84 1829316.9 132213415.5                          
    0:22:13 1811008.6  38121.84 1829316.9 132212897.8                          
    0:22:14 1811720.2  38121.84 1829316.9 132212380.0                          
    0:22:16 1812431.8  38121.84 1829316.9 132211862.2                          
    0:22:17 1813143.4  38121.84 1829316.9 132211344.5                          
    0:22:19 1813855.0  38121.84 1829316.9 132210826.7                          
    0:22:20 1814566.6  38121.84 1829316.9 132210308.9                          
    0:22:22 1815278.2  38121.84 1829316.9 132209791.2                          
    0:22:23 1815989.8  38121.84 1829316.9 132209273.4                          
    0:22:25 1816701.4  38121.84 1829316.9 132208755.6                          
    0:22:26 1817413.0  38121.84 1829316.9 132208237.9                          
    0:22:28 1818124.6  38121.84 1829316.9 132207720.1                          
    0:22:29 1818836.2  38121.84 1829316.9 132207202.3                          
    0:22:31 1819547.8  38121.84 1829316.9 132206684.6                          
    0:22:32 1820259.4  38121.84 1829316.9 132206166.8                          
    0:22:34 1820971.0  38121.84 1829316.9 132205649.0                          
    0:22:35 1821682.6  38121.84 1829316.9 132205131.3                          
    0:22:37 1822394.2  38121.84 1829316.9 132204613.5                          
    0:22:38 1823105.8  38121.84 1829316.9 132204095.7                          
    0:22:40 1823817.4  38121.84 1829316.9 132203578.0                          
    0:22:41 1824529.0  38121.84 1829316.9 132203060.2                          
    0:22:43 1825240.6  38121.84 1829316.9 132202542.4                          
    0:22:45 1825952.2  38121.84 1829316.9 132202024.7                          
    0:22:46 1826663.8  38121.84 1829316.9 132201506.9                          
    0:22:48 1827375.5  38121.84 1829316.9 132200989.1                          
    0:22:49 1828087.1  38121.84 1829316.9 132200471.4                          
    0:22:51 1828798.7  38121.84 1829316.9 132199953.6                          
    0:22:52 1829510.3  38121.84 1829316.9 132199435.8                          
    0:22:54 1830221.9  38121.84 1829316.9 132198918.1                          
    0:22:55 1830933.5  38121.84 1829316.9 132198400.3                          
    0:22:57 1831645.1  38121.84 1829316.9 132197882.5                          
    0:22:58 1832356.7  38121.84 1829316.9 132197364.8                          
    0:23:00 1833068.3  38121.84 1829316.9 132196847.0                          
    0:23:01 1833779.9  38121.84 1829316.9 132196329.2                          
    0:23:03 1834491.5  38121.84 1829316.9 132195811.5                          
    0:23:04 1835203.1  38121.84 1829316.9 132195293.7                          
    0:23:06 1835914.7  38121.84 1829316.9 132194775.9                          
    0:23:07 1836626.3  38121.84 1829316.9 132194258.2                          
    0:23:09 1837337.9  38121.84 1829316.9 132193740.4                          
    0:23:10 1838049.5  38121.84 1829316.9 132193222.6                          
    0:23:12 1838761.1  38121.84 1829316.9 132192704.9                          
    0:23:13 1839472.7  38121.84 1829316.9 132192187.1                          
    0:23:15 1840184.3  38121.84 1829316.9 132191669.3                          
    0:23:16 1840895.9  38121.84 1829316.9 132191151.6                          
    0:23:18 1841607.5  38121.84 1829316.9 132190633.8                          
    0:23:19 1842319.1  38121.84 1829316.9 132190116.0                          
    0:23:21 1843030.7  38121.84 1829316.9 132189598.3                          
    0:23:22 1843742.3  38121.84 1829316.9 132189080.5                          
    0:23:24 1844453.9  38121.84 1829316.9 132188562.7                          
    0:23:25 1845165.5  38121.84 1829316.9 132188045.0                          
    0:23:27 1845877.1  38121.84 1829316.9 132187527.2                          
    0:23:28 1846588.7  38121.84 1829316.9 132187009.4                          
    0:23:30 1847300.3  38121.84 1829316.9 132186491.7                          
    0:23:31 1848011.9  38121.84 1829316.9 132185973.9                          
    0:23:33 1848723.5  38121.84 1829316.9 132185456.1                          
    0:23:35 1849435.2  38121.84 1829316.9 132184938.4                          
    0:42:06 1872321.3  56679.69 2711788.0 132207574.8                          
